[23:41:25] [main/INFO]: Environment: authHost='https://authserver.mojang.com', accountsHost='https://api.mojang.com', sessionHost='https://sessionserver.mojang.com', servicesHost='https://api.minecraftservices.com', name='PROD'
[23:41:25] [main/INFO]: Found new data pack file/bukkit, loading it automatically
[23:41:25] [main/INFO]: Reloading ResourceManager: Default, bukkit
[23:41:25] [Worker-Main-5/INFO]: Loaded 7 recipes
[23:41:26] [Server thread/INFO]: Starting minecraft server version 1.16.5
[23:41:26] [Server thread/INFO]: Loading properties
[23:41:26] [Server thread/INFO]: This server is running Paper version git-Paper-577 (MC: 1.16.5) (Implementing API version 1.16.5-R0.1-SNAPSHOT)
[23:41:26] [Server thread/INFO]: Server Ping Player Sample Count: 12
[23:41:26] [Server thread/INFO]: Using 4 threads for Netty based IO
[23:41:26] [Server thread/INFO]: Debug logging is disabled
[23:41:26] [Server thread/INFO]: Default game type: SURVIVAL
[23:41:26] [Server thread/INFO]: Generating keypair
[23:41:26] [Server thread/INFO]: Starting Minecraft server on *:25565
[23:41:26] [Server thread/INFO]: Using default channel type
[23:41:27] [Server thread/INFO]: Preparing level "world"
[23:41:28] [Server thread/WARN]: Unable to find spawn biome
[23:41:30] [Server thread/WARN]: Unable to find spawn biome
[23:41:31] [Server thread/WARN]: Unable to find spawn biome
[23:41:31] [Server thread/INFO]: Preparing start region for dimension minecraft:overworld
[23:41:31] [Server thread/INFO]: Loaded 0 spawn chunks for world world
[23:41:31] [Worker-Main-6/INFO]: Preparing spawn area: 0%
[23:41:31] [Server thread/INFO]: Time elapsed: 315 ms
[23:41:31] [Server thread/INFO]: Preparing start region for dimension minecraft:the_nether
[23:41:31] [Server thread/INFO]: Loaded 0 spawn chunks for world world_nether
[23:41:31] [Worker-Main-2/INFO]: Preparing spawn area: 0%
[23:41:32] [Worker-Main-6/INFO]: Preparing spawn area: 0%
[23:41:32] [Server thread/INFO]: Time elapsed: 524 ms
[23:41:32] [Server thread/INFO]: Preparing start region for dimension minecraft:the_end
[23:41:32] [Server thread/INFO]: Loaded 0 spawn chunks for world world_the_end
[23:41:32] [Worker-Main-2/INFO]: Preparing spawn area: 0%
[23:41:32] [Server thread/INFO]: Time elapsed: 390 ms
[23:41:32] [Server thread/INFO]: Running delayed init tasks
[23:41:32] [Server thread/INFO]: Done (5.750s)! For help, type "help"
[23:41:32] [Server thread/WARN]: [io.papermc.paper.util.PaperJvmChecker] ************************************************************
[23:41:32] [Server thread/WARN]: [io.papermc.paper.util.PaperJvmChecker] * WARNING - YOU ARE RUNNING AN OUTDATED VERSION OF JAVA.
[23:41:32] [Server thread/WARN]: [io.papermc.paper.util.PaperJvmChecker] * PAPER WILL STOP BEING COMPATIBLE WITH THIS VERSION OF
[23:41:32] [Server thread/WARN]: [io.papermc.paper.util.PaperJvmChecker] * JAVA WHEN MINECRAFT 1.17 IS RELEASED.
[23:41:32] [Server thread/WARN]: [io.papermc.paper.util.PaperJvmChecker] *
[23:41:32] [Server thread/WARN]: [io.papermc.paper.util.PaperJvmChecker] * Please update the version of Java you use to run Paper
[23:41:32] [Server thread/WARN]: [io.papermc.paper.util.PaperJvmChecker] * to at least Java 11. When Paper for Minecraft 1.17 is
[23:41:32] [Server thread/WARN]: [io.papermc.paper.util.PaperJvmChecker] * released support for versions of Java before 11 will
[23:41:32] [Server thread/WARN]: [io.papermc.paper.util.PaperJvmChecker] * be dropped.
[23:41:32] [Server thread/WARN]: [io.papermc.paper.util.PaperJvmChecker] *
[23:41:32] [Server thread/WARN]: [io.papermc.paper.util.PaperJvmChecker] * Current Java version: 1.8.0_261
[23:41:32] [Server thread/WARN]: [io.papermc.paper.util.PaperJvmChecker] *
[23:41:32] [Server thread/WARN]: [io.papermc.paper.util.PaperJvmChecker] * Check this forum post for more information: 
[23:41:32] [Server thread/WARN]: [io.papermc.paper.util.PaperJvmChecker] *   https://papermc.io/java11
[23:41:32] [Server thread/WARN]: [io.papermc.paper.util.PaperJvmChecker] ************************************************************
[23:41:32] [Server thread/INFO]: Timings Reset
[23:41:36] [Server thread/INFO]: Stopping the server
[23:41:36] [Server thread/INFO]: Stopping server
[23:41:36] [Server thread/INFO]: Saving players
[23:41:36] [Server thread/INFO]: Saving worlds
[23:41:36] [Server thread/INFO]: Saving chunks for level 'ServerLevel[world]'/minecraft:overworld
[23:41:41] [Server thread/INFO]: ThreadedAnvilChunkStorage (world): All chunks are saved
[23:41:41] [Server thread/INFO]: Saving chunks for level 'ServerLevel[world_nether]'/minecraft:the_nether
[23:41:44] [Server thread/INFO]: ThreadedAnvilChunkStorage (DIM-1): All chunks are saved
[23:41:44] [Server thread/INFO]: Saving chunks for level 'ServerLevel[world_the_end]'/minecraft:the_end
[23:41:44] [Server thread/INFO]: ThreadedAnvilChunkStorage (DIM1): All chunks are saved
[23:41:44] [Server thread/INFO]: ThreadedAnvilChunkStorage (world): All chunks are saved
[23:41:44] [Server thread/INFO]: ThreadedAnvilChunkStorage (DIM-1): All chunks are saved
[23:41:44] [Server thread/INFO]: ThreadedAnvilChunkStorage (DIM1): All chunks are saved
[23:41:45] [Server thread/INFO]: Flushing Chunk IO
[23:41:45] [Server thread/INFO]: Closing Thread Pool
[23:41:45] [Server thread/INFO]: Closing Server
